[PG]= 00:00:00.568-size:0x0013-pos:0x000000 ------
[PCS]- 67 - Epoch Start--- 1920x1080 - frameRate=16 ------
[PCS-OBJ] oid:0, x:809, y:921 
[PG]= 00:00:00.568-size:0x000A-pos:0x000020 ------
[WDS]---------------------------------------------
[WDS] wid:0, x:809, y:921, 304*77 ----------------
[PG]= 00:00:00.568-size:0x04FD-pos:0x000037 ------
[PDS]-------
[PG]= 00:00:00.568-size:0x2C22-pos:0x000541 ------
[ODS]- ver:0 - First and last ------
[ODS-OBJ] oid:0, 304*77 
[PG]= 00:00:00.568-size:0x0000-pos:0x003170 ------
[END]= IMAGE COUNT = 0001, OBJS = 01 =============================
[PG]= 00:00:01.485-size:0x000B-pos:0x00317D ------
[PCS]- 68 - Normal--- 1920x1080 - frameRate=16 ------
[PG]= 00:00:01.485-size:0x000A-pos:0x003195 ------
[WDS]---------------------------------------------
[WDS] wid:0, x:809, y:921, 304*77 ----------------
[PG]= 00:00:01.485-size:0x0000-pos:0x0031AC ------
[END]= NO IMAGE ==================================================
[PG]= 00:00:01.569-size:0x0013-pos:0x0031B9 ------
[PCS]- 69 - Epoch Start--- 1920x1080 - frameRate=16 ------
[PCS-OBJ] oid:0, x:430, y:921 
[PG]= 00:00:01.569-size:0x000A-pos:0x0031D9 ------
[WDS]---------------------------------------------
[WDS] wid:0, x:430, y:921, 1061*77 ----------------
[PG]= 00:00:01.569-size:0x04FD-pos:0x0031F0 ------
[PDS]-------
[PG]= 00:00:01.569-size:0x9C47-pos:0x0036FA ------
[ODS]- ver:0 - First and last ------
[ODS-OBJ] oid:0, 1061*77 
[PG]= 00:00:01.569-size:0x0000-pos:0x00D34E ------
[END]= IMAGE COUNT = 0002, OBJS = 01 =============================
[PG]= 00:00:04.947-size:0x000B-pos:0x00D35B ------
[PCS]- 70 - Normal--- 1920x1080 - frameRate=16 ------
[PG]= 00:00:04.947-size:0x000A-pos:0x00D373 ------
[WDS]---------------------------------------------
[WDS] wid:0, x:430, y:921, 1061*77 ----------------
[PG]= 00:00:04.947-size:0x0000-pos:0x00D38A ------
[END]= NO IMAGE ==================================================
[PG]= 00:00:05.031-size:0x0013-pos:0x00D397 ------
[PCS]- 71 - Epoch Start--- 1920x1080 - frameRate=16 ------
[PCS-OBJ] oid:0, x:392, y:920 
[PG]= 00:00:05.031-size:0x000A-pos:0x00D3B7 ------
[WDS]---------------------------------------------
[WDS] wid:0, x:392, y:920, 1138*78 ----------------
[PG]= 00:00:05.031-size:0x04FD-pos:0x00D3CE ------
[PDS]-------
[PG]= 00:00:05.031-size:0xA777-pos:0x00D8D8 ------
[ODS]- ver:0 - First and last ------
[ODS-OBJ] oid:0, 1138*78 
[PG]= 00:00:05.031-size:0x0000-pos:0x01805C ------
[END]= IMAGE COUNT = 0003, OBJS = 01 =============================
[PG]= 00:00:08.200-size:0x000B-pos:0x018069 ------
[PCS]- 72 - Normal--- 1920x1080 - frameRate=16 ------
[PG]= 00:00:08.200-size:0x000A-pos:0x018081 ------
[WDS]---------------------------------------------
[WDS] wid:0, x:392, y:920, 1138*78 ----------------
[PG]= 00:00:08.200-size:0x0000-pos:0x018098 ------
[END]= NO IMAGE ==================================================
[PG]= 00:00:08.784-size:0x0013-pos:0x0180A5 ------
[PCS]- 73 - Epoch Start--- 1920x1080 - frameRate=16 ------
[PCS-OBJ] oid:0, x:315, y:761 
[PG]= 00:00:08.784-size:0x0013-pos:0x0180C5 ------
[WDS]---------------------------------------------
[WDS] wid:0, x:315, y:761, 1290*77 ----------------
[WDS] wid:1, x:1718, y:326, 61*430 ----------------
[PG]= 00:00:08.784-size:0x04FD-pos:0x0180E5 ------
[PDS]-------
[PG]= 00:00:08.784-size:0xC949-pos:0x0185EF ------
[ODS]- ver:0 - First and last ------
[ODS-OBJ] oid:0, 1290*77 
[PG]= 00:00:08.784-size:0x0000-pos:0x024F45 ------
[END]= IMAGE COUNT = 0004, OBJS = 01 =============================
[PG]= 00:00:09.285-size:0x001B-pos:0x024F52 ------
[PCS]- 74 - Acquisition Point--- 1920x1080 - frameRate=16 ------
[PCS-OBJ] oid:0, x:315, y:761 
[PCS-OBJ] oid:1, x:1718, y:326 
[PG]= 00:00:09.285-size:0x0013-pos:0x024F7A ------
[WDS]---------------------------------------------
[WDS] wid:0, x:315, y:761, 1290*77 ----------------
[WDS] wid:1, x:1718, y:326, 61*430 ----------------
[PG]= 00:00:09.285-size:0x04FD-pos:0x024F9A ------
[PDS]-------
[PG]= 00:00:09.285-size:0xC949-pos:0x0254A4 ------
[ODS]- ver:0 - First and last ------
[ODS-OBJ] oid:0, 1290*77 
[PG]= 00:00:09.285-size:0x41AF-pos:0x031DFA ------
[ODS]- ver:0 - First and last ------
[ODS-OBJ] oid:1, 61*430 
[PG]= 00:00:09.285-size:0x0000-pos:0x035FB6 ------
[END]= IMAGE COUNT = 0005, OBJS = 02 =============================
[PG]= 00:00:11.078-size:0x0013-pos:0x035FC3 ------
[PCS]- 75 - Acquisition Point--- 1920x1080 - frameRate=16 ------
[PCS-OBJ] oid:0, x:315, y:761 
[PG]= 00:00:11.078-size:0x0013-pos:0x035FE3 ------
[WDS]---------------------------------------------
[WDS] wid:0, x:315, y:761, 1290*77 ----------------
[WDS] wid:1, x:1718, y:326, 61*430 ----------------
[PG]= 00:00:11.078-size:0x04FD-pos:0x036003 ------
[PDS]-------
[PG]= 00:00:11.078-size:0xC949-pos:0x03650D ------
[ODS]- ver:0 - First and last ------
[ODS-OBJ] oid:0, 1290*77 
[PG]= 00:00:11.078-size:0x0000-pos:0x042E63 ------
[END]= IMAGE COUNT = 0006, OBJS = 01 =============================
[PG]= 00:00:12.955-size:0x000B-pos:0x042E70 ------
[PCS]- 76 - Normal--- 1920x1080 - frameRate=16 ------
[PG]= 00:00:12.955-size:0x0013-pos:0x042E88 ------
[WDS]---------------------------------------------
[WDS] wid:0, x:315, y:761, 1290*77 ----------------
[WDS] wid:1, x:1718, y:326, 61*430 ----------------
[PG]= 00:00:12.955-size:0x0000-pos:0x042EA8 ------
[END]= NO IMAGE ==================================================
[PG]= 00:00:13.039-size:0x0013-pos:0x042EB5 ------
[PCS]- 77 - Epoch Start--- 1920x1080 - frameRate=16 ------
[PCS-OBJ] oid:0, x:695, y:762 
[PG]= 00:00:13.039-size:0x0013-pos:0x042ED5 ------
[WDS]---------------------------------------------
[WDS] wid:0, x:695, y:762, 532*75 ----------------
[WDS] wid:1, x:1718, y:384, 61*314 ----------------
[PG]= 00:00:13.039-size:0x04FD-pos:0x042EF5 ------
[PDS]-------
[PG]= 00:00:13.039-size:0x53F8-pos:0x0433FF ------
[ODS]- ver:0 - First and last ------
[ODS-OBJ] oid:0, 532*75 
[PG]= 00:00:13.039-size:0x0000-pos:0x048804 ------
[END]= IMAGE COUNT = 0007, OBJS = 01 =============================
[PG]= 00:00:13.539-size:0x001B-pos:0x048811 ------
[PCS]- 78 - Acquisition Point--- 1920x1080 - frameRate=16 ------
[PCS-OBJ] oid:0, x:695, y:762 
[PCS-OBJ] oid:1, x:1718, y:384 
[PG]= 00:00:13.539-size:0x0013-pos:0x048839 ------
[WDS]---------------------------------------------
[WDS] wid:0, x:695, y:762, 532*75 ----------------
[WDS] wid:1, x:1718, y:384, 61*314 ----------------
[PG]= 00:00:13.539-size:0x04FD-pos:0x048859 ------
[PDS]-------
[PG]= 00:00:13.539-size:0x53F8-pos:0x048D63 ------
[ODS]- ver:0 - First and last ------
[ODS-OBJ] oid:0, 532*75 
[PG]= 00:00:13.539-size:0x2D2F-pos:0x04E168 ------
[ODS]- ver:0 - First and last ------
[ODS-OBJ] oid:1, 61*314 
[PG]= 00:00:13.539-size:0x0000-pos:0x050EA4 ------
[END]= IMAGE COUNT = 0008, OBJS = 02 =============================
[PG]= 00:00:14.749-size:0x0013-pos:0x050EB1 ------
[PCS]- 79 - Acquisition Point--- 1920x1080 - frameRate=16 ------
[PCS-OBJ] oid:1, x:1718, y:384 
[PG]= 00:00:14.749-size:0x0013-pos:0x050ED1 ------
[WDS]---------------------------------------------
[WDS] wid:0, x:695, y:762, 532*75 ----------------
[WDS] wid:1, x:1718, y:384, 61*314 ----------------
[PG]= 00:00:14.749-size:0x04FD-pos:0x050EF1 ------
[PDS]-------
[PG]= 00:00:14.749-size:0x2D2F-pos:0x0513FB ------
[ODS]- ver:0 - First and last ------
[ODS-OBJ] oid:1, 61*314 
[PG]= 00:00:14.749-size:0x0000-pos:0x054137 ------
[END]= IMAGE COUNT = 0009, OBJS = 01 =============================
[PG]= 00:00:14.832-size:0x001B-pos:0x054144 ------
[PCS]- 80 - Acquisition Point--- 1920x1080 - frameRate=16 ------
[PCS-OBJ] oid:0, x:695, y:762 
[PCS-OBJ] oid:1, x:1718, y:384 
[PG]= 00:00:14.832-size:0x0013-pos:0x05416C ------
[WDS]---------------------------------------------
[WDS] wid:0, x:695, y:762, 532*75 ----------------
[WDS] wid:1, x:1718, y:384, 61*314 ----------------
[PG]= 00:00:14.832-size:0x04FD-pos:0x05418C ------
[PDS]-------
[PG]= 00:00:14.832-size:0x4CC7-pos:0x054696 ------
[ODS]- ver:1 - First and last ------
[ODS-OBJ] oid:0, 532*75 
[PG]= 00:00:14.832-size:0x2D2F-pos:0x05936A ------
[ODS]- ver:0 - First and last ------
[ODS-OBJ] oid:1, 61*314 
[PG]= 00:00:14.832-size:0x0000-pos:0x05C0A6 ------
[END]= IMAGE COUNT = 0010, OBJS = 02 =============================
[PG]= 00:00:15.333-size:0x0013-pos:0x05C0B3 ------
[PCS]- 81 - Acquisition Point--- 1920x1080 - frameRate=16 ------
[PCS-OBJ] oid:0, x:695, y:762 
[PG]= 00:00:15.333-size:0x0013-pos:0x05C0D3 ------
[WDS]---------------------------------------------
[WDS] wid:0, x:695, y:762, 532*75 ----------------
[WDS] wid:1, x:1718, y:384, 61*314 ----------------
[PG]= 00:00:15.333-size:0x04FD-pos:0x05C0F3 ------
[PDS]-------
[PG]= 00:00:15.333-size:0x4CC7-pos:0x05C5FD ------
[ODS]- ver:1 - First and last ------
[ODS-OBJ] oid:0, 532*75 
[PG]= 00:00:15.333-size:0x0000-pos:0x0612D1 ------
[END]= IMAGE COUNT = 0011, OBJS = 01 =============================
[PG]= 00:00:16.334-size:0x000B-pos:0x0612DE ------
[PCS]- 82 - Normal--- 1920x1080 - frameRate=16 ------
[PG]= 00:00:16.334-size:0x0013-pos:0x0612F6 ------
[WDS]---------------------------------------------
[WDS] wid:0, x:695, y:762, 532*75 ----------------
[WDS] wid:1, x:1718, y:384, 61*314 ----------------
[PG]= 00:00:16.334-size:0x0000-pos:0x061316 ------
[END]= NO IMAGE ==================================================
[PG]= 00:00:16.417-size:0x0013-pos:0x061323 ------
[PCS]- 83 - Epoch Start--- 1920x1080 - frameRate=16 ------
[PCS-OBJ] oid:0, x:468, y:761 
[PG]= 00:00:16.417-size:0x0013-pos:0x061343 ------
[WDS]---------------------------------------------
[WDS] wid:0, x:468, y:761, 985*77 ----------------
[WDS] wid:1, x:1718, y:355, 61*372 ----------------
[PG]= 00:00:16.417-size:0x04FD-pos:0x061363 ------
[PDS]-------
[PG]= 00:00:16.417-size:0x98D2-pos:0x06186D ------
[ODS]- ver:0 - First and last ------
[ODS-OBJ] oid:0, 985*77 
[PG]= 00:00:16.417-size:0x0000-pos:0x06B14C ------
[END]= IMAGE COUNT = 0012, OBJS = 01 =============================
[PG]= 00:00:17.168-size:0x001B-pos:0x06B159 ------
[PCS]- 84 - Acquisition Point--- 1920x1080 - frameRate=16 ------
[PCS-OBJ] oid:0, x:468, y:761 
[PCS-OBJ] oid:1, x:1718, y:355 
[PG]= 00:00:17.168-size:0x0013-pos:0x06B181 ------
[WDS]---------------------------------------------
[WDS] wid:0, x:468, y:761, 985*77 ----------------
[WDS] wid:1, x:1718, y:355, 61*372 ----------------
[PG]= 00:00:17.168-size:0x04FD-pos:0x06B1A1 ------
[PDS]-------
[PG]= 00:00:17.168-size:0x98D2-pos:0x06B6AB ------
[ODS]- ver:0 - First and last ------
[ODS-OBJ] oid:0, 985*77 
[PG]= 00:00:17.168-size:0x3759-pos:0x074F8A ------
[ODS]- ver:0 - First and last ------
[ODS-OBJ] oid:1, 61*372 
[PG]= 00:00:17.168-size:0x0000-pos:0x0786F0 ------
[END]= IMAGE COUNT = 0013, OBJS = 02 =============================
[PG]= 00:00:18.920-size:0x000B-pos:0x0786FD ------
[PCS]- 85 - Normal--- 1920x1080 - frameRate=16 ------
[PG]= 00:00:18.920-size:0x0013-pos:0x078715 ------
[WDS]---------------------------------------------
[WDS] wid:0, x:468, y:761, 985*77 ----------------
[WDS] wid:1, x:1718, y:355, 61*372 ----------------
[PG]= 00:00:18.920-size:0x0000-pos:0x078735 ------
[END]= NO IMAGE ==================================================
[PG]= 00:00:19.045-size:0x0013-pos:0x078742 ------
[PCS]- 86 - Epoch Start--- 1920x1080 - frameRate=16 ------
[PCS-OBJ] oid:0, x:467, y:921 
[PG]= 00:00:19.045-size:0x000A-pos:0x078762 ------
[WDS]---------------------------------------------
[WDS] wid:0, x:467, y:921, 987*77 ----------------
[PG]= 00:00:19.045-size:0x04FD-pos:0x078779 ------
[PDS]-------
[PG]= 00:00:19.045-size:0x9727-pos:0x078C83 ------
[ODS]- ver:0 - First and last ------
[ODS-OBJ] oid:0, 987*77 
[PG]= 00:00:19.045-size:0x0000-pos:0x0823B7 ------
[END]= IMAGE COUNT = 0014, OBJS = 01 =============================
[PARSER-END] This is not a complete sup file !

Merge multi-images at:
    [5] 00:00:09.285, [8] 00:00:13.539, [10] 00:00:14.832, [13] 00:00:17.168, 

Fixing the subtitle color problem for 'ExoPlayer', but may cause 'PotPlayer' to display the color incorrectly !


Create new sup file: H:\GitSource\stock.new\misc\supRebuild\sample\Conan24.cut.mod.sup (505,278 bytes)
Elapsed time: 0.73s
