[PG]= 00:00:00.568-size:0x0013-pos:0x000000 ------
[PCS]- 0 - Epoch Start--- 1920x1080 - frameRate=16 ------
[PCS-OBJ] oid:0, x:809, y:921 
[PG]= 00:00:00.568-size:0x000A-pos:0x000020 ------
[WDS]---------------------------------------------
[WDS] wid:0, x:809, y:921, 304*77 ----------------
[PG]= 00:00:00.568-size:0x0502-pos:0x000037 ------
[PDS]-------
[PG]= 00:00:00.568-size:0x2CD0-pos:0x000546 ------
[ODS]- ver:0 - First and last ------
[ODS-OBJ] oid:0, 304*77 
[PG]= 00:00:00.568-size:0x0000-pos:0x003223 ------
[END]= IMAGE COUNT = 0001, OBJS = 01 =============================
[PG]= 00:00:01.485-size:0x000B-pos:0x003230 ------
[PCS]- 1 - Normal--- 1920x1080 - frameRate=16 ------
[PG]= 00:00:01.485-size:0x000A-pos:0x003248 ------
[WDS]---------------------------------------------
[WDS] wid:0, x:809, y:921, 304*77 ----------------
[PG]= 00:00:01.485-size:0x0000-pos:0x00325F ------
[END]= NO IMAGE ==================================================
[PG]= 00:00:01.569-size:0x0013-pos:0x00326C ------
[PCS]- 2 - Epoch Start--- 1920x1080 - frameRate=16 ------
[PCS-OBJ] oid:0, x:430, y:921 
[PG]= 00:00:01.569-size:0x000A-pos:0x00328C ------
[WDS]---------------------------------------------
[WDS] wid:0, x:430, y:921, 1061*77 ----------------
[PG]= 00:00:01.569-size:0x0502-pos:0x0032A3 ------
[PDS]-------
[PG]= 00:00:01.569-size:0x9F31-pos:0x0037B2 ------
[ODS]- ver:0 - First and last ------
[ODS-OBJ] oid:0, 1061*77 
[PG]= 00:00:01.569-size:0x0000-pos:0x00D6F0 ------
[END]= IMAGE COUNT = 0002, OBJS = 01 =============================
[PG]= 00:00:04.947-size:0x000B-pos:0x00D6FD ------
[PCS]- 3 - Normal--- 1920x1080 - frameRate=16 ------
[PG]= 00:00:04.947-size:0x000A-pos:0x00D715 ------
[WDS]---------------------------------------------
[WDS] wid:0, x:430, y:921, 1061*77 ----------------
[PG]= 00:00:04.947-size:0x0000-pos:0x00D72C ------
[END]= NO IMAGE ==================================================
[PG]= 00:00:05.031-size:0x0013-pos:0x00D739 ------
[PCS]- 4 - Epoch Start--- 1920x1080 - frameRate=16 ------
[PCS-OBJ] oid:0, x:392, y:920 
[PG]= 00:00:05.031-size:0x000A-pos:0x00D759 ------
[WDS]---------------------------------------------
[WDS] wid:0, x:392, y:920, 1138*78 ----------------
[PG]= 00:00:05.031-size:0x0502-pos:0x00D770 ------
[PDS]-------
[PG]= 00:00:05.031-size:0xAAC7-pos:0x00DC7F ------
[ODS]- ver:0 - First and last ------
[ODS-OBJ] oid:0, 1138*78 
[PG]= 00:00:05.031-size:0x0000-pos:0x018753 ------
[END]= IMAGE COUNT = 0003, OBJS = 01 =============================
[PG]= 00:00:08.200-size:0x000B-pos:0x018760 ------
[PCS]- 5 - Normal--- 1920x1080 - frameRate=16 ------
[PG]= 00:00:08.200-size:0x000A-pos:0x018778 ------
[WDS]---------------------------------------------
[WDS] wid:0, x:392, y:920, 1138*78 ----------------
[PG]= 00:00:08.200-size:0x0000-pos:0x01878F ------
[END]= NO IMAGE ==================================================
[PG]= 00:00:08.784-size:0x0013-pos:0x01879C ------
[PCS]- 6 - Epoch Start--- 1920x1080 - frameRate=16 ------
[PCS-OBJ] oid:0, x:315, y:761 
[PG]= 00:00:08.784-size:0x000A-pos:0x0187BC ------
[WDS]---------------------------------------------
[WDS] wid:0, x:315, y:761, 1290*77 ----------------
[PG]= 00:00:08.784-size:0x0502-pos:0x0187D3 ------
[PDS]-------
[PG]= 00:00:08.784-size:0xB772-pos:0x018CE2 ------
[ODS]- ver:0 - First and last ------
[ODS-OBJ] oid:0, 1290*77 
[PG]= 00:00:08.784-size:0x0000-pos:0x024461 ------
[END]= IMAGE COUNT = 0004, OBJS = 01 =============================
[PG]= 00:00:09.285-size:0x0013-pos:0x02446E ------
[PCS]- 7 - Acquisition Point--- 1920x1080 - frameRate=16 ------
[PCS-OBJ] oid:0, x:315, y:326 
[PG]= 00:00:09.285-size:0x000A-pos:0x02448E ------
[WDS]---------------------------------------------
[WDS] wid:0, x:315, y:326, 1464*512 ----------------
[PG]= 00:00:09.285-size:0x0502-pos:0x0244A5 ------
[PDS]-------
[PG]= 00:00:09.285-size:0xF6AE-pos:0x0249B4 ------
[ODS]- ver:0 - First and last ------
[ODS-OBJ] oid:0, 1464*512 
[PG]= 00:00:09.285-size:0x0000-pos:0x03406F ------
[END]= IMAGE COUNT = 0005, OBJS = 01 =============================
[PG]= 00:00:11.078-size:0x0013-pos:0x03407C ------
[PCS]- 8 - Acquisition Point--- 1920x1080 - frameRate=16 ------
[PCS-OBJ] oid:0, x:315, y:761 
[PG]= 00:00:11.078-size:0x000A-pos:0x03409C ------
[WDS]---------------------------------------------
[WDS] wid:0, x:315, y:761, 1290*77 ----------------
[PG]= 00:00:11.078-size:0x0502-pos:0x0340B3 ------
[PDS]-------
[PG]= 00:00:11.078-size:0xB772-pos:0x0345C2 ------
[ODS]- ver:0 - First and last ------
[ODS-OBJ] oid:0, 1290*77 
[PG]= 00:00:11.078-size:0x0000-pos:0x03FD41 ------
[END]= IMAGE COUNT = 0006, OBJS = 01 =============================
[PG]= 00:00:12.955-size:0x000B-pos:0x03FD4E ------
[PCS]- 9 - Normal--- 1920x1080 - frameRate=16 ------
[PG]= 00:00:12.955-size:0x000A-pos:0x03FD66 ------
[WDS]---------------------------------------------
[WDS] wid:0, x:315, y:761, 1290*77 ----------------
[PG]= 00:00:12.955-size:0x0000-pos:0x03FD7D ------
[END]= NO IMAGE ==================================================
[PG]= 00:00:13.039-size:0x0013-pos:0x03FD8A ------
[PCS]- 10 - Epoch Start--- 1920x1080 - frameRate=16 ------
[PCS-OBJ] oid:0, x:695, y:762 
[PG]= 00:00:13.039-size:0x000A-pos:0x03FDAA ------
[WDS]---------------------------------------------
[WDS] wid:0, x:695, y:762, 532*75 ----------------
[PG]= 00:00:13.039-size:0x0502-pos:0x03FDC1 ------
[PDS]-------
[PG]= 00:00:13.039-size:0x4CA4-pos:0x0402D0 ------
[ODS]- ver:0 - First and last ------
[ODS-OBJ] oid:0, 532*75 
[PG]= 00:00:13.039-size:0x0000-pos:0x044F81 ------
[END]= IMAGE COUNT = 0007, OBJS = 01 =============================
[PG]= 00:00:13.539-size:0x0013-pos:0x044F8E ------
[PCS]- 11 - Acquisition Point--- 1920x1080 - frameRate=16 ------
[PCS-OBJ] oid:0, x:695, y:384 
[PG]= 00:00:13.539-size:0x000A-pos:0x044FAE ------
[WDS]---------------------------------------------
[WDS] wid:0, x:695, y:384, 1084*453 ----------------
[PG]= 00:00:13.539-size:0x0502-pos:0x044FC5 ------
[PDS]-------
[PG]= 00:00:13.539-size:0x7925-pos:0x0454D4 ------
[ODS]- ver:0 - First and last ------
[ODS-OBJ] oid:0, 1084*453 
[PG]= 00:00:13.539-size:0x0000-pos:0x04CE06 ------
[END]= IMAGE COUNT = 0008, OBJS = 01 =============================
[PG]= 00:00:14.749-size:0x0013-pos:0x04CE13 ------
[PCS]- 12 - Acquisition Point--- 1920x1080 - frameRate=16 ------
[PCS-OBJ] oid:0, x:1718, y:384 
[PG]= 00:00:14.749-size:0x000A-pos:0x04CE33 ------
[WDS]---------------------------------------------
[WDS] wid:0, x:1718, y:384, 61*314 ----------------
[PG]= 00:00:14.749-size:0x0502-pos:0x04CE4A ------
[PDS]-------
[PG]= 00:00:14.749-size:0x29B0-pos:0x04D359 ------
[ODS]- ver:0 - First and last ------
[ODS-OBJ] oid:0, 61*314 
[PG]= 00:00:14.749-size:0x0000-pos:0x04FD16 ------
[END]= IMAGE COUNT = 0009, OBJS = 01 =============================
[PG]= 00:00:14.832-size:0x0013-pos:0x04FD23 ------
[PCS]- 13 - Acquisition Point--- 1920x1080 - frameRate=16 ------
[PCS-OBJ] oid:0, x:695, y:384 
[PG]= 00:00:14.832-size:0x000A-pos:0x04FD43 ------
[WDS]---------------------------------------------
[WDS] wid:0, x:695, y:384, 1084*453 ----------------
[PG]= 00:00:14.832-size:0x0502-pos:0x04FD5A ------
[PDS]-------
[PG]= 00:00:14.832-size:0x72A2-pos:0x050269 ------
[ODS]- ver:0 - First and last ------
[ODS-OBJ] oid:0, 1084*453 
[PG]= 00:00:14.832-size:0x0000-pos:0x057518 ------
[END]= IMAGE COUNT = 0010, OBJS = 01 =============================
[PG]= 00:00:15.333-size:0x0013-pos:0x057525 ------
[PCS]- 14 - Acquisition Point--- 1920x1080 - frameRate=16 ------
[PCS-OBJ] oid:0, x:695, y:762 
[PG]= 00:00:15.333-size:0x000A-pos:0x057545 ------
[WDS]---------------------------------------------
[WDS] wid:0, x:695, y:762, 532*75 ----------------
[PG]= 00:00:15.333-size:0x0502-pos:0x05755C ------
[PDS]-------
[PG]= 00:00:15.333-size:0x4621-pos:0x057A6B ------
[ODS]- ver:1 - First and last ------
[ODS-OBJ] oid:0, 532*75 
[PG]= 00:00:15.333-size:0x0000-pos:0x05C099 ------
[END]= IMAGE COUNT = 0011, OBJS = 01 =============================
[PG]= 00:00:16.334-size:0x000B-pos:0x05C0A6 ------
[PCS]- 15 - Normal--- 1920x1080 - frameRate=16 ------
[PG]= 00:00:16.334-size:0x000A-pos:0x05C0BE ------
[WDS]---------------------------------------------
[WDS] wid:0, x:695, y:762, 532*75 ----------------
[PG]= 00:00:16.334-size:0x0000-pos:0x05C0D5 ------
[END]= NO IMAGE ==================================================
[PG]= 00:00:16.417-size:0x0013-pos:0x05C0E2 ------
[PCS]- 16 - Epoch Start--- 1920x1080 - frameRate=16 ------
[PCS-OBJ] oid:0, x:468, y:761 
[PG]= 00:00:16.417-size:0x000A-pos:0x05C102 ------
[WDS]---------------------------------------------
[WDS] wid:0, x:468, y:761, 985*77 ----------------
[PG]= 00:00:16.417-size:0x0502-pos:0x05C119 ------
[PDS]-------
[PG]= 00:00:16.417-size:0x8A54-pos:0x05C628 ------
[ODS]- ver:0 - First and last ------
[ODS-OBJ] oid:0, 985*77 
[PG]= 00:00:16.417-size:0x0000-pos:0x065089 ------
[END]= IMAGE COUNT = 0012, OBJS = 01 =============================
[PG]= 00:00:17.168-size:0x0013-pos:0x065096 ------
[PCS]- 17 - Acquisition Point--- 1920x1080 - frameRate=16 ------
[PCS-OBJ] oid:0, x:468, y:355 
[PG]= 00:00:17.168-size:0x000A-pos:0x0650B6 ------
[WDS]---------------------------------------------
[WDS] wid:0, x:468, y:355, 1311*483 ----------------
[PG]= 00:00:17.168-size:0x0502-pos:0x0650CD ------
[PDS]-------
[PG]= 00:00:17.168-size:0xC034-pos:0x0655DC ------
[ODS]- ver:0 - First and last ------
[ODS-OBJ] oid:0, 1311*483 
[PG]= 00:00:17.168-size:0x0000-pos:0x07161D ------
[END]= IMAGE COUNT = 0013, OBJS = 01 =============================
[PG]= 00:00:18.920-size:0x000B-pos:0x07162A ------
[PCS]- 18 - Normal--- 1920x1080 - frameRate=16 ------
[PG]= 00:00:18.920-size:0x000A-pos:0x071642 ------
[WDS]---------------------------------------------
[WDS] wid:0, x:468, y:355, 1311*483 ----------------
[PG]= 00:00:18.920-size:0x0000-pos:0x071659 ------
[END]= NO IMAGE ==================================================
[PG]= 00:00:19.045-size:0x0013-pos:0x071666 ------
[PCS]- 19 - Epoch Start--- 1920x1080 - frameRate=16 ------
[PCS-OBJ] oid:0, x:467, y:921 
[PG]= 00:00:19.045-size:0x000A-pos:0x071686 ------
[WDS]---------------------------------------------
[WDS] wid:0, x:467, y:921, 987*77 ----------------
[PG]= 00:00:19.045-size:0x0502-pos:0x07169D ------
[PDS]-------
[PG]= 00:00:19.045-size:0x99F8-pos:0x071BAC ------
[ODS]- ver:0 - First and last ------
[ODS-OBJ] oid:0, 987*77 
[PG]= 00:00:19.045-size:0x0000-pos:0x07B5B1 ------
[END]= IMAGE COUNT = 0014, OBJS = 01 =============================
[PARSER-END] This is not a complete sup file !

Nothing changed !
Elapsed time: 0.28s
